Best Parameters: {'max_depth': 13, 'min_child_weight': 12}
Best Accuracy Score: 0.4644091486634682
Parameters: {'max_depth': 5, 'min_child_weight': 4}
Mean Test Score: 0.4511
Std Test Score: 0.0008
Mean Train Score: 0.4541
Parameters: {'max_depth': 5, 'min_child_weight': 5}
Mean Test Score: 0.4512
Std Test Score: 0.0007
Mean Train Score: 0.4540
Parameters: {'max_depth': 5, 'min_child_weight': 6}
Mean Test Score: 0.4511
Std Test Score: 0.0009
Mean Train Score: 0.4539
Parameters: {'max_depth': 5, 'min_child_weight': 8}
Mean Test Score: 0.4510
Std Test Score: 0.0010
Mean Train Score: 0.4539
Parameters: {'max_depth': 5, 'min_child_weight': 10}
Mean Test Score: 0.4510
Std Test Score: 0.0010
Mean Train Score: 0.4538
Parameters: {'max_depth': 5, 'min_child_weight': 12}
Mean Test Score: 0.4512
Std Test Score: 0.0008
Mean Train Score: 0.4539
Parameters: {'max_depth': 8, 'min_child_weight': 4}
Mean Test Score: 0.4607
Std Test Score: 0.0008
Mean Train Score: 0.4805
Parameters: {'max_depth': 8, 'min_child_weight': 5}
Mean Test Score: 0.4607
Std Test Score: 0.0008
Mean Train Score: 0.4799
Parameters: {'max_depth': 8, 'min_child_weight': 6}
Mean Test Score: 0.4605
Std Test Score: 0.0007
Mean Train Score: 0.4793
Parameters: {'max_depth': 8, 'min_child_weight': 8}
Mean Test Score: 0.4607
Std Test Score: 0.0007
Mean Train Score: 0.4784
Parameters: {'max_depth': 8, 'min_child_weight': 10}
Mean Test Score: 0.4606
Std Test Score: 0.0010
Mean Train Score: 0.4777
Parameters: {'max_depth': 8, 'min_child_weight': 12}
Mean Test Score: 0.4608
Std Test Score: 0.0008
Mean Train Score: 0.4772
Parameters: {'max_depth': 10, 'min_child_weight': 4}
Mean Test Score: 0.4637
Std Test Score: 0.0008
Mean Train Score: 0.5138
Parameters: {'max_depth': 10, 'min_child_weight': 5}
Mean Test Score: 0.4637
Std Test Score: 0.0008
Mean Train Score: 0.5115
Parameters: {'max_depth': 10, 'min_child_weight': 6}
Mean Test Score: 0.4636
Std Test Score: 0.0009
Mean Train Score: 0.5097
Parameters: {'max_depth': 10, 'min_child_weight': 8}
Mean Test Score: 0.4638
Std Test Score: 0.0008
Mean Train Score: 0.5064
Parameters: {'max_depth': 10, 'min_child_weight': 10}
Mean Test Score: 0.4637
Std Test Score: 0.0009
Mean Train Score: 0.5040
Parameters: {'max_depth': 10, 'min_child_weight': 12}
Mean Test Score: 0.4637
Std Test Score: 0.0009
Mean Train Score: 0.5018
Parameters: {'max_depth': 13, 'min_child_weight': 4}
Mean Test Score: 0.4633
Std Test Score: 0.0007
Mean Train Score: 0.6008
Parameters: {'max_depth': 13, 'min_child_weight': 5}
Mean Test Score: 0.4634
Std Test Score: 0.0007
Mean Train Score: 0.5926
Parameters: {'max_depth': 13, 'min_child_weight': 6}
Mean Test Score: 0.4632
Std Test Score: 0.0009
Mean Train Score: 0.5846
Parameters: {'max_depth': 13, 'min_child_weight': 8}
Mean Test Score: 0.4639
Std Test Score: 0.0010
Mean Train Score: 0.5730
Parameters: {'max_depth': 13, 'min_child_weight': 10}
Mean Test Score: 0.4643
Std Test Score: 0.0009
Mean Train Score: 0.5635
			Parameters: {'max_depth': 13, 'min_child_weight': 12}
			Mean Test Score: 0.4644
			Std Test Score: 0.0008
			Mean Train Score: 0.5564
Parameters: {'max_depth': 15, 'min_child_weight': 4}
Mean Test Score: 0.4602
Std Test Score: 0.0010
Mean Train Score: 0.6796
Parameters: {'max_depth': 15, 'min_child_weight': 5}
Mean Test Score: 0.4607
Std Test Score: 0.0007
Mean Train Score: 0.6640
Parameters: {'max_depth': 15, 'min_child_weight': 6}
Mean Test Score: 0.4611
Std Test Score: 0.0011
Mean Train Score: 0.6508
Parameters: {'max_depth': 15, 'min_child_weight': 8}
Mean Test Score: 0.4622
Std Test Score: 0.0005
Mean Train Score: 0.6293
Parameters: {'max_depth': 15, 'min_child_weight': 10}
Mean Test Score: 0.4631
Std Test Score: 0.0006
Mean Train Score: 0.6129
Parameters: {'max_depth': 15, 'min_child_weight': 12}
Mean Test Score: 0.4632
Std Test Score: 0.0010
Mean Train Score: 0.6012
Parameters: {'max_depth': 18, 'min_child_weight': 4}
Mean Test Score: 0.4547
Std Test Score: 0.0008
Mean Train Score: 0.7974
Parameters: {'max_depth': 18, 'min_child_weight': 5}
Mean Test Score: 0.4553
Std Test Score: 0.0007
Mean Train Score: 0.7732
Parameters: {'max_depth': 18, 'min_child_weight': 6}
Mean Test Score: 0.4566
Std Test Score: 0.0008
Mean Train Score: 0.7512
Parameters: {'max_depth': 18, 'min_child_weight': 8}
Mean Test Score: 0.4578
Std Test Score: 0.0009
Mean Train Score: 0.7171
Parameters: {'max_depth': 18, 'min_child_weight': 10}
Mean Test Score: 0.4590
Std Test Score: 0.0006
Mean Train Score: 0.6910
Parameters: {'max_depth': 18, 'min_child_weight': 12}
Mean Test Score: 0.4600
Std Test Score: 0.0006
Mean Train Score: 0.6697
Parameters: {'max_depth': 20, 'min_child_weight': 4}
Mean Test Score: 0.4517
Std Test Score: 0.0008
Mean Train Score: 0.8593
Parameters: {'max_depth': 20, 'min_child_weight': 5}
Mean Test Score: 0.4522
Std Test Score: 0.0010
Mean Train Score: 0.8326
Parameters: {'max_depth': 20, 'min_child_weight': 6}
Mean Test Score: 0.4535
Std Test Score: 0.0012
Mean Train Score: 0.8094
Parameters: {'max_depth': 20, 'min_child_weight': 8}
Mean Test Score: 0.4553
Std Test Score: 0.0006
Mean Train Score: 0.7687
Parameters: {'max_depth': 20, 'min_child_weight': 10}
Mean Test Score: 0.4564
Std Test Score: 0.0009
Mean Train Score: 0.7366
Parameters: {'max_depth': 20, 'min_child_weight': 12}
Mean Test Score: 0.4578
Std Test Score: 0.0007
Mean Train Score: 0.7111
Parameters: {'max_depth': 22, 'min_child_weight': 4}
Mean Test Score: 0.4487
Std Test Score: 0.0007
Mean Train Score: 0.9016
Parameters: {'max_depth': 22, 'min_child_weight': 5}
Mean Test Score: 0.4495
Std Test Score: 0.0008
Mean Train Score: 0.8768
Parameters: {'max_depth': 22, 'min_child_weight': 6}
Mean Test Score: 0.4509
Std Test Score: 0.0008
Mean Train Score: 0.8538
Parameters: {'max_depth': 22, 'min_child_weight': 8}
Mean Test Score: 0.4525
Std Test Score: 0.0011
Mean Train Score: 0.8115
Parameters: {'max_depth': 22, 'min_child_weight': 10}
Mean Test Score: 0.4543
Std Test Score: 0.0008
Mean Train Score: 0.7773
Parameters: {'max_depth': 22, 'min_child_weight': 12}
Mean Test Score: 0.4554
Std Test Score: 0.0010
Mean Train Score: 0.7491
Parameters: {'max_depth': 25, 'min_child_weight': 4}
Mean Test Score: 0.4451
Std Test Score: 0.0004
Mean Train Score: 0.9381
Parameters: {'max_depth': 25, 'min_child_weight': 5}
Mean Test Score: 0.4465
Std Test Score: 0.0010
Mean Train Score: 0.9190
Parameters: {'max_depth': 25, 'min_child_weight': 6}
Mean Test Score: 0.4476
Std Test Score: 0.0006
Mean Train Score: 0.8992
Parameters: {'max_depth': 25, 'min_child_weight': 8}
Mean Test Score: 0.4495
Std Test Score: 0.0006
Mean Train Score: 0.8592
Parameters: {'max_depth': 25, 'min_child_weight': 10}
Mean Test Score: 0.4514
Std Test Score: 0.0008
Mean Train Score: 0.8226
Parameters: {'max_depth': 25, 'min_child_weight': 12}
Mean Test Score: 0.4528
Std Test Score: 0.0011
Mean Train Score: 0.7913


---------------------------------------------------------------------


Best Parameters: {'gamma': 0.9}
Best Accuracy Score: 0.4648264332047966
Parameters: {'gamma': 0.0}, Accuracy: 0.4644
Parameters: {'gamma': 0.1}, Accuracy: 0.4645
Parameters: {'gamma': 0.2}, Accuracy: 0.4642
Parameters: {'gamma': 0.3}, Accuracy: 0.4642
Parameters: {'gamma': 0.4}, Accuracy: 0.4644
Parameters: {'gamma': 0.5}, Accuracy: 0.4647
Parameters: {'gamma': 0.6}, Accuracy: 0.4642
Parameters: {'gamma': 0.7}, Accuracy: 0.4642
Parameters: {'gamma': 0.8}, Accuracy: 0.4644
				Parameters: {'gamma': 0.9}, Accuracy: 0.4648
Parameters: {'gamma': 1.0}, Accuracy: 0.4647

---------------------------------------------------------------------

Best Parameters: {'colsample_bytree': 0.6, 'subsample': 0.9}
Best Accuracy Score: 0.4686659557805653
Parameters: {'colsample_bytree': 0.3, 'subsample': 0.5}
Mean Test Score: 0.4628
Std Test Score: 0.0008
Mean Train Score: 0.4930
Parameters: {'colsample_bytree': 0.3, 'subsample': 0.6}
Mean Test Score: 0.4636
Std Test Score: 0.0005
Mean Train Score: 0.4970
Parameters: {'colsample_bytree': 0.3, 'subsample': 0.7}
Mean Test Score: 0.4641
Std Test Score: 0.0007
Mean Train Score: 0.5003
Parameters: {'colsample_bytree': 0.3, 'subsample': 0.8}
Mean Test Score: 0.4645
Std Test Score: 0.0007
Mean Train Score: 0.5033
Parameters: {'colsample_bytree': 0.3, 'subsample': 0.9}
Mean Test Score: 0.4652
Std Test Score: 0.0007
Mean Train Score: 0.5061
Parameters: {'colsample_bytree': 0.4, 'subsample': 0.5}
Mean Test Score: 0.4655
Std Test Score: 0.0008
Mean Train Score: 0.5077
Parameters: {'colsample_bytree': 0.4, 'subsample': 0.6}
Mean Test Score: 0.4660
Std Test Score: 0.0005
Mean Train Score: 0.5128
Parameters: {'colsample_bytree': 0.4, 'subsample': 0.7}
Mean Test Score: 0.4669
Std Test Score: 0.0007
Mean Train Score: 0.5171
Parameters: {'colsample_bytree': 0.4, 'subsample': 0.8}
Mean Test Score: 0.4675
Std Test Score: 0.0007
Mean Train Score: 0.5209
Parameters: {'colsample_bytree': 0.4, 'subsample': 0.9}
Mean Test Score: 0.4677
Std Test Score: 0.0008
Mean Train Score: 0.5245
Parameters: {'colsample_bytree': 0.5, 'subsample': 0.5}
Mean Test Score: 0.4658
Std Test Score: 0.0005
Mean Train Score: 0.5153
Parameters: {'colsample_bytree': 0.5, 'subsample': 0.6}
Mean Test Score: 0.4666
Std Test Score: 0.0009
Mean Train Score: 0.5208
Parameters: {'colsample_bytree': 0.5, 'subsample': 0.7}
Mean Test Score: 0.4675
Std Test Score: 0.0008
Mean Train Score: 0.5256
Parameters: {'colsample_bytree': 0.5, 'subsample': 0.8}
Mean Test Score: 0.4681
Std Test Score: 0.0009
Mean Train Score: 0.5296
Parameters: {'colsample_bytree': 0.5, 'subsample': 0.9}
Mean Test Score: 0.4685
Std Test Score: 0.0007
Mean Train Score: 0.5334
Parameters: {'colsample_bytree': 0.6, 'subsample': 0.5}
Mean Test Score: 0.4661
Std Test Score: 0.0006
Mean Train Score: 0.5190
Parameters: {'colsample_bytree': 0.6, 'subsample': 0.6}
Mean Test Score: 0.4669
Std Test Score: 0.0007
Mean Train Score: 0.5244
Parameters: {'colsample_bytree': 0.6, 'subsample': 0.7}
Mean Test Score: 0.4675
Std Test Score: 0.0008
Mean Train Score: 0.5288
Parameters: {'colsample_bytree': 0.6, 'subsample': 0.8}
Mean Test Score: 0.4681
Std Test Score: 0.0007
Mean Train Score: 0.5327
			Parameters: {'colsample_bytree': 0.6, 'subsample': 0.9}
			Mean Test Score: 0.4687
			Std Test Score: 0.0010
			Mean Train Score: 0.5350
Parameters: {'colsample_bytree': 0.7, 'subsample': 0.5}
Mean Test Score: 0.4661
Std Test Score: 0.0007
Mean Train Score: 0.5199
Parameters: {'colsample_bytree': 0.7, 'subsample': 0.6}
Mean Test Score: 0.4666
Std Test Score: 0.0009
Mean Train Score: 0.5250
Parameters: {'colsample_bytree': 0.7, 'subsample': 0.7}
Mean Test Score: 0.4673
Std Test Score: 0.0008
Mean Train Score: 0.5288
Parameters: {'colsample_bytree': 0.7, 'subsample': 0.8}
Mean Test Score: 0.4679
Std Test Score: 0.0010
Mean Train Score: 0.5320
Parameters: {'colsample_bytree': 0.7, 'subsample': 0.9}
Mean Test Score: 0.4680
Std Test Score: 0.0011
Mean Train Score: 0.5340
Parameters: {'colsample_bytree': 0.8, 'subsample': 0.5}
Mean Test Score: 0.4658
Std Test Score: 0.0008
Mean Train Score: 0.5205
Parameters: {'colsample_bytree': 0.8, 'subsample': 0.6}
Mean Test Score: 0.4663
Std Test Score: 0.0008
Mean Train Score: 0.5255
Parameters: {'colsample_bytree': 0.8, 'subsample': 0.7}
Mean Test Score: 0.4670
Std Test Score: 0.0008
Mean Train Score: 0.5296
Parameters: {'colsample_bytree': 0.8, 'subsample': 0.8}
Mean Test Score: 0.4673
Std Test Score: 0.0010
Mean Train Score: 0.5317
Parameters: {'colsample_bytree': 0.8, 'subsample': 0.9}
Mean Test Score: 0.4676
Std Test Score: 0.0009
Mean Train Score: 0.5332
Parameters: {'colsample_bytree': 0.9, 'subsample': 0.5}
Mean Test Score: 0.4655
Std Test Score: 0.0009
Mean Train Score: 0.5215
Parameters: {'colsample_bytree': 0.9, 'subsample': 0.6}
Mean Test Score: 0.4661
Std Test Score: 0.0008
Mean Train Score: 0.5263
Parameters: {'colsample_bytree': 0.9, 'subsample': 0.7}
Mean Test Score: 0.4665
Std Test Score: 0.0006
Mean Train Score: 0.5300
Parameters: {'colsample_bytree': 0.9, 'subsample': 0.8}
Mean Test Score: 0.4673
Std Test Score: 0.0010
Mean Train Score: 0.5324
Parameters: {'colsample_bytree': 0.9, 'subsample': 0.9}
Mean Test Score: 0.4674
Std Test Score: 0.0008
Mean Train Score: 0.5333

---------------------------------------------------------------------

Best Parameters: {'reg_alpha': 0.01}
Best Accuracy Score: 0.4686430557473811
Parameters: {'reg_alpha': 1e-05}
Mean Test Score: 0.4686
Std Test Score: 0.0009
Mean Train Score: 0.5350
Parameters: {'reg_alpha': 0.01}
Mean Test Score: 0.4686
Std Test Score: 0.0009
Mean Train Score: 0.5351
Parameters: {'reg_alpha': 0.05}
Mean Test Score: 0.4685
Std Test Score: 0.0007
Mean Train Score: 0.5348
			Parameters: {'reg_alpha': 0.1}
			Mean Test Score: 0.4684
			Std Test Score: 0.0007
			Mean Train Score: 0.5341
Parameters: {'reg_alpha': 0.5}
Mean Test Score: 0.4685
Std Test Score: 0.0009
Mean Train Score: 0.5300
Parameters: {'reg_alpha': 1}
Mean Test Score: 0.4685
Std Test Score: 0.0007
Mean Train Score: 0.5245
Parameters: {'reg_alpha': 100}
Mean Test Score: 0.4518
Std Test Score: 0.0008
Mean Train Score: 0.4540


Accuracy on Test Data: 0.47622165529033395
Train accuracy: 0.5650127687220168


Confusion Matrix:
 [[   88   383     6   579     0    97     0     8     0     1     0     0      0     0     0     0     0     0     0     0]
 [   59  1189    85  4580     5   966     0     2     0     2     0     0      0     1     0     0     0     0     0     0]
 [   11   495    77  5660    10  1883     0     5     0     0     0     0      0     0     0     0     0     0     0     0]
 [   10   611    73 20082   102 14597     4   185     1     0     0     0      0     0     0     0     0     0     0     0]
 [    2   116    15  7670   109 13040    13   392     0     1     0     0      0     0     0     0     0     0     0     0]
 [    2   122    14 10955   123 39039   461  6117    12    16     0     0      0     0     0     0     0     0     0     0]
 [    1    16     2  1974    16 12220   576  9443    29    62     0     1      0     0     0     0     0     0     0     0]
 [    0    11     0  1301     9  9720   449 35014  1404  3179     6     5      0     0     0     0     0     0     0     0]
 [    0     1     0   103     1   810    14  8967  1888  6678    34    40      0     0     0     0     0     0     0     0]
 [    0     0     1    71     2  1009     3  3985  1285 24900  1011  1457      3     0     0     0     0     0     0     0]
 [    0     1     0    10     1   223     1   209    21  5199  1414  3079      8     9     0     0     0     0     0     0]
 [    0     0     0     7     0   166     1   257    29  2014  1067 10929    481   427     0     0     1     0     0     0]
 [    0     0     0     1     0    15     0    35     6    84    18  2062    651  1102     0     2     0     0     0     0]
 [    0     0     0     1     0     5     0    32     4    89    16   736    442  3588   147    92     0     2     0     0]
 [    0     0     0     0     0     0     0     1     0     8     0    26     10   624   163   230     2     0     0     0]
 [    0     0     0     0     0     0     0     1     0     4     1    20      4   202   128   631    18    11     0     0]
 [    0     0     0     0     0     0     0     0     0     1     0     2      0     9     2    79    22    17     0     0]
 [    0     0     0     0     0     0     0     0     0     0     0     1      0     1     0    39    24    13     0     0]
 [    0     0     0     0     0     0     0     0     0     0     0     0      0     0     0     5     1     0     0     0]
 [    0     0     0     0     0     0     0     0     0     0     0     0      0     0     0     3     0     0     0     0]]
 
 
           
Classes:
	0 		         0 
	1 		         1 
	2 		         5 
	3 		        10 
	4 		        50 
	5 		       100 
	6 		   	   500 
	7 		   	  1000 
	8 		   	  5000 
	9 		     10000 
	10		     50000 
	11	    	100000 
	12		  	500000 
	13		   1000000 
	14		   5000000 
	15		  10000000 
	16		  50000000 
	17		 100000000 
	18		 500000000 
	19		1000000000 
 
 
Classification Report:
 {'0': {'precision': 0.5086705202312138, 'recall': 0.0757314974182444, 'f1-score': 0.1318352059925094, 'support': 1162.0},
 '1': {'precision': 0.4037351443123939, 'recall': 0.17259399041950937, 'f1-score': 0.24181411429733576, 'support': 6889.0},
 '2': {'precision': 0.28205128205128205, 'recall': 0.009458297506448839, 'f1-score': 0.018302828618968387, 'support': 8141.0},
 '3': {'precision': 0.3789485602143639, 'recall': 0.5630730407962989, 'f1-score': 0.45301661421852274, 'support': 35665.0},
 '4': {'precision': 0.28835978835978837, 'recall': 0.005103474108062553, 'f1-score': 0.010029444239970556, 'support': 21358.0},
 '5': {'precision': 0.41623840494722253, 'recall': 0.6865690016003939, 'f1-score': 0.5182707051396938, 'support': 56861.0},
 '6': {'precision': 0.37844940867279897, 'recall': 0.023664749383730484, 'f1-score': 0.04454411878431676, 'support': 24340.0},
 '7': {'precision': 0.5415680633535953, 'recall': 0.6852322987201065, 'f1-score': 0.6049882938376343, 'support': 51098.0},
 '8': {'precision': 0.4035050224406925, 'recall': 0.10185584807941303, 'f1-score': 0.16265345681671334, 'support': 18536.0},
 '9': {'precision': 0.5895165490790284, 'recall': 0.7382809025409909, 'f1-score': 0.6555650628578951, 'support': 33727.0},
 '10': {'precision': 0.3964115503223998, 'recall': 0.13896805896805897, 'f1-score': 0.20579246106825788, 'support': 10175.0},
 '11': {'precision': 0.5953262882666958, 'recall': 0.7106443852005982, 'f1-score': 0.6478940036162077, 'support': 15379.0},
 '12': {'precision': 0.4071294559099437, 'recall': 0.1637323943661972, 'f1-score': 0.233542600896861, 'support': 3976.0},
 '13': {'precision': 0.601710548381687, 'recall': 0.6961583236321304, 'f1-score': 0.6454978861203562, 'support': 5154.0},
 '14': {'precision': 0.3704545454545455, 'recall': 0.15319548872180452, 'f1-score': 0.2167553191489362, 'support': 1064.0},
 '15': {'precision': 0.5837187789084182, 'recall': 0.6186274509803922, 'f1-score': 0.6006663493574489, 'support': 1020.0},
 '16': {'precision': 0.3235294117647059, 'recall': 0.16666666666666666, 'f1-score': 0.22, 'support': 132.0},
 '17': {'precision': 0.3023255813953488, 'recall': 0.16666666666666666, 'f1-score': 0.21487603305785125, 'support': 78.0},
 '18': {'precision': 0.0, 'recall': 0.0, 'f1-score': 0.0, 'support': 6.0}, '19': {'precision': 0.0, 'recall': 0.0, 'f1-score': 0.0, 'support': 3.0},
 'accuracy': 0.47622165529033395, 'macro avg': {'precision': 0.3885824452033062, 'recall': 0.29381112678878574, 'f1-score': 0.2913022249034739, 'support': 294764.0},
 'weighted avg': {'precision': 0.4485677405072329, 'recall': 0.47622165529033395, 'f1-score': 0.41434517993266895, 'support': 294764.0}}

Class 0
	FPR: [0.00000000e+00 6.81194270e-06 6.81194270e-06 ... 9.84935389e-01	 9.84942201e-01 1.00000000e+00], 
	TPR: [0.         0.00172117 0.00258176 ... 1.         1.         1.        ], 
	AUC: 0.9490911353047502
Class 1
	FPR: [0.         0.         0.         ... 0.98951281 0.98951976 1.        ], 
	TPR: [0.00000000e+00 1.45158949e-04 5.80635796e-04 ... 1.00000000e+00		1.00000000e+00 1.00000000e+00], 
	AUC: 0.9289392052512873
Class 2
	FPR: [0.00000000e+00 3.48890354e-06 3.48890354e-06 ... 9.97142588e-01	 9.97149566e-01 1.00000000e+00], 
	TPR: [0.00000000e+00 0.00000000e+00 1.22835033e-04 ... 1.00000000e+00 	1.00000000e+00 1.00000000e+00],
	AUC: 0.8893275014054258
Class 3
	FPR: [0.00000000e+00 3.85952860e-06 3.85952860e-06 ... 9.96626772e-01		9.96634491e-01 1.00000000e+00],
	TPR: [0.00000000e+00 0.00000000e+00 5.60773868e-05 ... 1.00000000e+00	1.00000000e+00 1.00000000e+00],
	AUC: 0.8702877674964913
Class 4
	 FPR: [0.00000000e+00 0.00000000e+00 3.65756421e-06 ... 9.87092456e-01		9.87099771e-01 1.00000000e+00], 
	 TPR: [0.00000000e+00 4.68208634e-05 4.68208634e-05 ... 1.00000000e+00		1.00000000e+00 1.00000000e+00],
	 AUC: 0.8045849518066372
Class 5
	 FPR: [0.         0.         0.         ... 0.99836908 0.99837749 1.        ],
	 TPR: [0.00000000e+00 1.75867466e-05 1.58280720e-04 ... 1.00000000e+00		1.00000000e+00 1.00000000e+00], 
	 AUC: 0.8264446940238201
Class 6
	 FPR: [0.         0.         0.         ... 0.98615507 0.98616247 1.        ], 
	 TPR: [0.00000000e+00 4.10846343e-05 1.64338537e-04 ... 1.00000000e+00		1.00000000e+00 1.00000000e+00],
	 AUC: 0.8036172233142582
Class 7
	 FPR: [0.         0.         0.         ... 0.99177152 0.99177973 1.        ], 
	 TPR: [0.00000000e+00 1.95702376e-05 2.34842851e-04 ... 1.00000000e+00		1.00000000e+00 1.00000000e+00],
	 AUC: 0.8792225078192177
Class 8 
	FPR: [0.         0.         0.         ... 0.98939282 0.9894073  1.        ], 
	TPR: [0.00000000e+00 5.39490721e-05 2.69745360e-04 ... 1.00000000e+00		1.00000000e+00 1.00000000e+00],
	 AUC: 0.8932329450137607
Class 9 
	 FPR: [0.         0.         0.         ... 0.99985443 0.99986209 1.        ],
	 TPR: [0.00000000e+00 2.96498354e-05 1.24529309e-03 ... 1.00000000e+00		1.00000000e+00 1.00000000e+00],
	 AUC: 0.9399349133471142
Class 10
	 FPR: [0.00000000e+00 3.51383926e-06 3.51383926e-06 ... 9.99982431e-01		9.99996486e-01 1.00000000e+00],
	 TPR: [0.00000000e+00 0.00000000e+00 6.87960688e-04 ... 1.00000000e+00		 1.00000000e+00 1.00000000e+00],
	 AUC: 0.9417079277298752
Class 11 
	 FPR: [0.         0.         0.         ... 0.99973871 0.99975303 1.        ], 
	 TPR: [0.00000000e+00 6.50237337e-05 1.23545094e-03 ... 1.00000000e+00		1.00000000e+00 1.00000000e+00], 
	 AUC: 0.970567363920696
Class 12 
	 FPR: [0.00000000e+00 0.00000000e+00 6.87786291e-06 ... 9.99965611e-01		9.99979366e-01 1.00000000e+00], 
	 TPR: [0.00000000e+00 2.51509054e-04 2.51509054e-04 ... 1.00000000e+00		1.00000000e+00 1.00000000e+00], 
	 AUC: 0.9773310261482233
Class 13 
	 FPR: [0.00000000e+00 0.00000000e+00 6.90583889e-06 ... 9.99982735e-01		9.99996547e-01 1.00000000e+00], 
	 TPR: [0.00000000e+00 1.94024059e-04 1.94024059e-04 ... 1.00000000e+00		1.00000000e+00 1.00000000e+00], 
	 AUC: 0.9885058106792274
Class 14
	 FPR: [0.00000000e+00 3.40483487e-06 6.80966973e-06 ... 9.99979571e-01		9.99993190e-01 1.00000000e+00], 
	 TPR: [0. 0. 0. ... 1. 1. 1.], 
	 AUC: 0.992354945714644
Class 15 
	 FPR: [0.00000000e+00 3.40432485e-06 3.40432485e-06 ... 9.99962552e-01		9.99976170e-01 1.00000000e+00], 
	 TPR: [0.         0.         0.00784314 ... 1.         1.         1.        ],
	 AUC: 0.9963941658149179
Class 16 
	 FPR: [0.00000000e+00 0.00000000e+00 1.01821934e-05 ... 9.99983030e-01		9.99986424e-01 1.00000000e+00], 
	 TPR: [0.         0.00757576 0.00757576 ... 1.         1.         1.        ], 
	 AUC: 0.9978703016891333
Class 17
	 FPR: [0.00000000e+00 3.39344251e-06 3.39344251e-06 ... 9.99983033e-01		9.99996607e-01 1.00000000e+00], 
	 TPR: [0.         0.         0.02564103 ... 1.         1.         1.        ], 
	 AUC: 0.9983504823996059
Class 18 
	 FPR: [0.00000000e+00 3.39261360e-06 6.78522720e-06 ... 9.99972859e-01	9.99986430e-01 1.00000000e+00],
	 TPR: [0. 0. 0. ... 1. 1. 1.], 
	 AUC: 0.9993576651580844
Class 19 
	 FPR: [0.00000000e+00 3.39257907e-06 6.00486496e-04 ... 9.99979645e-01 		9.99993215e-01 1.00000000e+00], 
	 TPR: [0. 0. 0. ... 1. 1. 1.],
	 AUC: 0.9990308532449453
 
Micro-Averaged AUC: 0.9497092653474624
Macro-Averaged AUC: 0.9323076693641058
