Accuracy: 0.4151151429618271
Train accuracy: 0.4160296441296532
Classification Report:
              precision    recall  f1-score   support

           0       0.69      0.01      0.02      1162
           1       0.50      0.05      0.09      6889
           5       1.00      0.00      0.00      8141
          10       0.35      0.43      0.39     35665
          50       1.00      0.00      0.00     21358
         100       0.38      0.66      0.48     56861
         500       1.00      0.00      0.00     24340
        1000       0.46      0.70      0.55     51098
        5000       1.00      0.00      0.00     18536
       10000       0.48      0.67      0.56     33727
       50000       1.00      0.00      0.00     10175
      100000       0.41      0.61      0.49     15379
      500000       1.00      0.00      0.00      3976
     1000000       0.39      0.15      0.22      5154
     5000000       1.00      0.00      0.00      1064
    10000000       0.50      0.03      0.05      1020
    50000000       1.00      0.00      0.00       132
   100000000       1.00      0.00      0.00        78
   500000000       1.00      0.00      0.00         6
  1000000000       1.00      0.00      0.00         3

    accuracy                           0.42    294764
   macro avg       0.76      0.17      0.14    294764
weighted avg       0.59      0.42      0.33    294764

Confusion Matrix:
[[    9   129     0   822     0   191     0    10     0     1     0     0      0     0     0     0     0     0     0     0]
 [    3   338     0  4714     0  1829     0     2     0     3     0     0      0     0     0     0     0     0     0     0]
 [    1   100     0  4909     0  3124     0     7     0     0     0     0      0     0     0     0     0     0     0     0]
 [    0    79     0 15487     0 19624     0   474     0     1     0     0      0     0     0     0     0     0     0     0]
 [    0    20     0  6045     0 14329     0   962     0     2     0     0      0     0     0     0     0     0     0     0]
 [    0    11     0  9190     0 37782     0  9799     0    76     0     3      0     0     0     0     0     0     0     0]
 [    0     1     0  1686     0 11153     0 11247     0   246     0     7      0     0     0     0     0     0     0     0]
 [    0     0     0  1049     0  8780     0 35887     0  5227     0   154      0     1     0     0     0     0     0     0]
 [    0     0     0    74     0   821     0 10240     0  7128     0   273      0     0     0     0     0     0     0     0]
 [    0     0     0    71     0  1026     0  7685     0 22640     0  2293      0    12     0     0     0     0     0     0]
 [    0     0     0     6     0   237     0  1005     0  6029     0  2868      0    30     0     0     0     0     0     0]
 [    0     0     0     6     0   169     0  1233     0  4363     0  9396      0   212     0     0     0     0     0     0]
 [    0     0     0     0     0    16     0   102     0   725     0  2886      0   247     0     0     0     0     0     0]
 [    0     0     0     1     0     5     0    67     0   581     0  3706      0   793     0     1     0     0     0     0]
 [    0     0     0     0     0     1     0     1     0    41     0   710      0   305     0     6     0     0     0     0]
 [    0     0     0     0     0     0     0     3     0    36     0   580      0   372     0    29     0     0     0     0]
 [    0     0     0     0     0     0     0     0     0     4     0    70      0    46     0    12     0     0     0     0]
 [    0     0     0     0     0     0     0     0     0     0     0    42      0    27     0     9     0     0     0     0]
 [    0     0     0     0     0     0     0     0     0     0     0     4      0     1     0     1     0     0     0     0]
 [    0     0     0     0     0     0     0     0     0     1     0     2      0     0     0     0     0     0     0     0]]
Feature Importances:
Category: 0.0100
Rating: 0.3043
Rating Count: 0.4949
Free: 0.0062
Price: 0.0034
Size: 0.0081
Minimum Android: 0.0032
Content Rating: 0.0018
Ad Supported: 0.0300
In App Purchases: 0.0136
Editors Choice: 0.0002
Released_Month: 0.0017
Released_Year: 0.0181
Released: 0.0104
Updated: 0.0418
TLD: 0.0249
SLD: 0.0020
mailTLD: 0.0129
mailSLD: 0.0019
TotalLength: 0.0108
